0 info it worked if it ends with ok
1 verbose cli [ '/usr/bin/node',
1 verbose cli   '/usr/bin/npm',
1 verbose cli   'install',
1 verbose cli   '-g',
1 verbose cli   'karma-phantomjs-launcher',
1 verbose cli   '--save-dev' ]
2 info using npm@1.4.28
3 info using node@v0.10.33
4 verbose node symlink /usr/bin/node
5 verbose cache add [ 'karma-phantomjs-launcher', null ]
6 verbose cache add name=undefined spec="karma-phantomjs-launcher" args=["karma-phantomjs-launcher",null]
7 verbose parsed url { protocol: null,
7 verbose parsed url   slashes: null,
7 verbose parsed url   auth: null,
7 verbose parsed url   host: null,
7 verbose parsed url   port: null,
7 verbose parsed url   hostname: null,
7 verbose parsed url   hash: null,
7 verbose parsed url   search: null,
7 verbose parsed url   query: null,
7 verbose parsed url   pathname: 'karma-phantomjs-launcher',
7 verbose parsed url   path: 'karma-phantomjs-launcher',
7 verbose parsed url   href: 'karma-phantomjs-launcher' }
8 silly lockFile e0cbf986-karma-phantomjs-launcher karma-phantomjs-launcher
9 verbose lock karma-phantomjs-launcher /home/marnits/.npm/e0cbf986-karma-phantomjs-launcher.lock
10 silly lockFile e0cbf986-karma-phantomjs-launcher karma-phantomjs-launcher
11 silly lockFile e0cbf986-karma-phantomjs-launcher karma-phantomjs-launcher
12 verbose addNamed [ 'karma-phantomjs-launcher', '' ]
13 verbose addNamed [ null, '*' ]
14 silly lockFile cdd40d81-karma-phantomjs-launcher karma-phantomjs-launcher@
15 verbose lock karma-phantomjs-launcher@ /home/marnits/.npm/cdd40d81-karma-phantomjs-launcher.lock
16 silly addNameRange { name: 'karma-phantomjs-launcher', range: '*', hasData: false }
17 verbose request where is /karma-phantomjs-launcher
18 verbose request registry https://registry.npmjs.org/
19 verbose request id ebbede7faae9e618
20 verbose url raw /karma-phantomjs-launcher
21 verbose url resolving [ 'https://registry.npmjs.org/', './karma-phantomjs-launcher' ]
22 verbose url resolved https://registry.npmjs.org/karma-phantomjs-launcher
23 verbose request where is https://registry.npmjs.org/karma-phantomjs-launcher
24 info trying registry request attempt 1 at 14:09:55
25 verbose etag "8OFXL875Z163A8SOU75KDC4B7"
26 http GET https://registry.npmjs.org/karma-phantomjs-launcher
27 http 304 https://registry.npmjs.org/karma-phantomjs-launcher
28 silly registry.get cb [ 304,
28 silly registry.get   { date: 'Mon, 16 Feb 2015 13:09:55 GMT',
28 silly registry.get     server: 'Apache',
28 silly registry.get     via: '1.1 varnish',
28 silly registry.get     'last-modified': 'Mon, 16 Feb 2015 13:09:55 GMT',
28 silly registry.get     'cache-control': 'max-age=60',
28 silly registry.get     etag: '"8OFXL875Z163A8SOU75KDC4B7"',
28 silly registry.get     age: '28',
28 silly registry.get     'x-served-by': 'cache-fra1221-FRA',
28 silly registry.get     'x-cache': 'HIT',
28 silly registry.get     'x-cache-hits': '1',
28 silly registry.get     'x-timer': 'S1424092195.767527,VS0,VE0',
28 silly registry.get     vary: 'Accept',
28 silly registry.get     'content-length': '0',
28 silly registry.get     'keep-alive': 'timeout=10, max=50',
28 silly registry.get     connection: 'Keep-Alive' } ]
29 verbose etag https://registry.npmjs.org/karma-phantomjs-launcher from cache
30 silly addNameRange number 2 { name: 'karma-phantomjs-launcher', range: '*', hasData: true }
31 silly addNameRange versions [ 'karma-phantomjs-launcher',
31 silly addNameRange   [ '0.0.1',
31 silly addNameRange     '0.0.2',
31 silly addNameRange     '0.0.3',
31 silly addNameRange     '0.1.0',
31 silly addNameRange     '0.1.1',
31 silly addNameRange     '0.1.2',
31 silly addNameRange     '0.1.3',
31 silly addNameRange     '0.1.4' ] ]
32 verbose addNamed [ 'karma-phantomjs-launcher', '0.1.4' ]
33 verbose addNamed [ '0.1.4', '0.1.4' ]
34 silly lockFile 5b4ecc13-karma-phantomjs-launcher-0-1-4 karma-phantomjs-launcher@0.1.4
35 verbose lock karma-phantomjs-launcher@0.1.4 /home/marnits/.npm/5b4ecc13-karma-phantomjs-launcher-0-1-4.lock
36 silly lockFile 5b4ecc13-karma-phantomjs-launcher-0-1-4 karma-phantomjs-launcher@0.1.4
37 silly lockFile 5b4ecc13-karma-phantomjs-launcher-0-1-4 karma-phantomjs-launcher@0.1.4
38 silly lockFile cdd40d81-karma-phantomjs-launcher karma-phantomjs-launcher@
39 silly lockFile cdd40d81-karma-phantomjs-launcher karma-phantomjs-launcher@
40 silly resolved [ { name: 'karma-phantomjs-launcher',
40 silly resolved     version: '0.1.4',
40 silly resolved     description: 'A Karma plugin. Launcher for PhantomJS.',
40 silly resolved     main: 'index.js',
40 silly resolved     scripts: { test: 'echo "Error: no test specified" && exit 1' },
40 silly resolved     repository:
40 silly resolved      { type: 'git',
40 silly resolved        url: 'git://github.com/karma-runner/karma-phantomjs-launcher.git' },
40 silly resolved     keywords: [ 'karma-plugin', 'karma-launcher', 'phantomjs' ],
40 silly resolved     author: { name: 'Vojta Jina', email: 'vojta.jina@gmail.com' },
40 silly resolved     dependencies: { phantomjs: '~1.9' },
40 silly resolved     peerDependencies: { karma: '>=0.9' },
40 silly resolved     license: 'MIT',
40 silly resolved     devDependencies:
40 silly resolved      { grunt: '~0.4.1',
40 silly resolved        'grunt-npm': '~0.0.2',
40 silly resolved        'grunt-bump': '~0.0.7',
40 silly resolved        'grunt-auto-release': '~0.0.2' },
40 silly resolved     contributors:
40 silly resolved      [ [Object],
40 silly resolved        [Object],
40 silly resolved        [Object],
40 silly resolved        [Object],
40 silly resolved        [Object],
40 silly resolved        [Object],
40 silly resolved        [Object],
40 silly resolved        [Object],
40 silly resolved        [Object],
40 silly resolved        [Object] ],
40 silly resolved     bugs: { url: 'https://github.com/karma-runner/karma-phantomjs-launcher/issues' },
40 silly resolved     homepage: 'https://github.com/karma-runner/karma-phantomjs-launcher',
40 silly resolved     _id: 'karma-phantomjs-launcher@0.1.4',
40 silly resolved     dist:
40 silly resolved      { shasum: '4ef96e4322ff63ae5d918e51c25b213723238f30',
40 silly resolved        tarball: 'http://registry.npmjs.org/karma-phantomjs-launcher/-/karma-phantomjs-launcher-0.1.4.tgz' },
40 silly resolved     _from: 'karma-phantomjs-launcher@',
40 silly resolved     _npmVersion: '1.4.4',
40 silly resolved     _npmUser: { name: 'vojtajina', email: 'vojta.jina@gmail.com' },
40 silly resolved     maintainers: [ [Object] ],
40 silly resolved     directories: {},
40 silly resolved     _shasum: '4ef96e4322ff63ae5d918e51c25b213723238f30',
40 silly resolved     _resolved: 'https://registry.npmjs.org/karma-phantomjs-launcher/-/karma-phantomjs-launcher-0.1.4.tgz',
40 silly resolved     readme: 'ERROR: No README data found!' } ]
41 info install karma-phantomjs-launcher@0.1.4 into /usr/lib
42 info installOne karma-phantomjs-launcher@0.1.4
43 verbose lib/node_modules/karma-phantomjs-launcher unbuild
44 verbose tar unpack /home/marnits/.npm/karma-phantomjs-launcher/0.1.4/package.tgz
45 silly lockFile f2fdae3f-modules-karma-phantomjs-launcher tar:///usr/lib/node_modules/karma-phantomjs-launcher
46 verbose lock tar:///usr/lib/node_modules/karma-phantomjs-launcher /home/marnits/.npm/f2fdae3f-modules-karma-phantomjs-launcher.lock
47 silly lockFile 79ab6a70-tomjs-launcher-0-1-4-package-tgz tar:///home/marnits/.npm/karma-phantomjs-launcher/0.1.4/package.tgz
48 verbose lock tar:///home/marnits/.npm/karma-phantomjs-launcher/0.1.4/package.tgz /home/marnits/.npm/79ab6a70-tomjs-launcher-0-1-4-package-tgz.lock
49 silly gunzTarPerm modes [ '775', '664' ]
50 error Error: EACCES, mkdir '/usr/lib/node_modules/karma-phantomjs-launcher'
50 error  { [Error: EACCES, mkdir '/usr/lib/node_modules/karma-phantomjs-launcher']
50 error   errno: 3,
50 error   code: 'EACCES',
50 error   path: '/usr/lib/node_modules/karma-phantomjs-launcher',
50 error   fstream_type: 'Directory',
50 error   fstream_path: '/usr/lib/node_modules/karma-phantomjs-launcher',
50 error   fstream_class: 'DirWriter',
50 error   fstream_stack:
50 error    [ '/usr/lib/node_modules/npm/node_modules/fstream/lib/dir-writer.js:36:23',
50 error      '/usr/lib/node_modules/npm/node_modules/mkdirp/index.js:46:53',
50 error      'Object.oncomplete (fs.js:107:15)' ] }
51 error Please try running this command again as root/Administrator.
52 error System Linux 3.13.0-45-generic
53 error command "/usr/bin/node" "/usr/bin/npm" "install" "-g" "karma-phantomjs-launcher" "--save-dev"
54 error cwd /home/marnits/Projects/ccLogger
55 error node -v v0.10.33
56 error npm -v 1.4.28
57 error path /usr/lib/node_modules/karma-phantomjs-launcher
58 error fstream_path /usr/lib/node_modules/karma-phantomjs-launcher
59 error fstream_type Directory
60 error fstream_class DirWriter
61 error code EACCES
62 error errno 3
63 error stack Error: EACCES, mkdir '/usr/lib/node_modules/karma-phantomjs-launcher'
64 error fstream_stack /usr/lib/node_modules/npm/node_modules/fstream/lib/dir-writer.js:36:23
64 error fstream_stack /usr/lib/node_modules/npm/node_modules/mkdirp/index.js:46:53
64 error fstream_stack Object.oncomplete (fs.js:107:15)
65 verbose exit [ 3, true ]
